<?xml version="1.0" encoding="utf-8"?><testsuites name="pytest tests"><testsuite name="pytest" errors="0" failures="0" skipped="0" tests="11" time="3.629" timestamp="2026-06-21T11:16:34.699314+00:00" hostname="agent-env-6bd6865f-e962-4b9b-a323-4c620b90bc98"><testcase classname="backend.tests.test_cardost_bugfixes.TestReviewCountField" name="test_products_list_includes_review_count" time="0.144" /><testcase classname="backend.tests.test_cardost_bugfixes.TestReviewCountField" name="test_product_with_one_review_reports_correct_counts" time="0.201" /><testcase classname="backend.tests.test_cardost_bugfixes.TestReviewCountField" name="test_majority_of_products_have_zero_reviews" time="0.098" /><testcase classname="backend.tests.test_cardost_bugfixes.TestReviewSubmissionUpdatesCounters" name="test_post_review_updates_rating_and_count" time="1.014" /><testcase classname="backend.tests.test_cardost_bugfixes.TestVehicleTaggingFilterBridge" name="test_filter_by_car_brand_hyundai_returns_product" time="0.651" /><testcase classname="backend.tests.test_cardost_bugfixes.TestVehicleTaggingFilterBridge" name="test_filter_by_car_model_creta_returns_product" time="0.096" /><testcase classname="backend.tests.test_cardost_bugfixes.TestVehicleTaggingFilterBridge" name="test_filter_by_year_2018_returns_product" time="0.095" /><testcase classname="backend.tests.test_cardost_bugfixes.TestVehicleTaggingFilterBridge" name="test_filter_by_year_2030_excludes_product" time="0.094" /><testcase classname="backend.tests.test_cardost_bugfixes.TestVehicleTaggingFilterBridge" name="test_combined_brand_model_year_filter" time="0.098" /><testcase classname="backend.tests.test_cardost_bugfixes.TestVehicleTaggingFilterBridge" name="test_universal_product_still_surfaces" time="0.683" /><testcase classname="backend.tests.test_cardost_bugfixes.TestAdminUploadEndpoint" name="test_upload_small_png_returns_url" time="0.348" /></testsuite></testsuites>