<?xml version="1.0" encoding="utf-8"?><testsuites name="pytest tests"><testsuite name="pytest" errors="0" failures="2" skipped="0" tests="69" time="18.620" timestamp="2026-06-23T22:48:44.474353+00:00" hostname="agent-env-6bd6865f-e962-4b9b-a323-4c620b90bc98"><testcase classname="backend.tests.test_cardost_api.TestProducts" name="test_list_all" time="0.268" /><testcase classname="backend.tests.test_cardost_api.TestProducts" name="test_list_featured" time="0.048" /><testcase classname="backend.tests.test_cardost_api.TestProducts" name="test_list_by_category" time="0.045" /><testcase classname="backend.tests.test_cardost_api.TestProducts" name="test_search_q" time="0.047" /><testcase classname="backend.tests.test_cardost_api.TestProducts" name="test_get_product_by_id" time="0.096" /><testcase classname="backend.tests.test_cardost_api.TestProducts" name="test_get_product_404" time="0.044" /><testcase classname="backend.tests.test_cardost_api.TestProducts" name="test_categories" time="0.045" /><testcase classname="backend.tests.test_cardost_api.TestAuth" name="test_signup_duplicate" time="0.346" /><testcase classname="backend.tests.test_cardost_api.TestAuth" name="test_login_invalid" time="0.268" /><testcase classname="backend.tests.test_cardost_api.TestAuth" name="test_login_success" time="0.270" /><testcase classname="backend.tests.test_cardost_api.TestAuth" name="test_me_authenticated" time="0.045" /><testcase classname="backend.tests.test_cardost_api.TestAuth" name="test_me_unauthenticated" time="0.065" /><testcase classname="backend.tests.test_cardost_api.TestGuestCheckout" name="test_guest_create_and_verify_order" time="0.945"><failure message="assert False is True">backend/tests/test_cardost_api.py:178: in test_guest_create_and_verify_order
    assert data["mock"] is True
E   assert False is True</failure></testcase><testcase classname="backend.tests.test_cardost_api.TestGuestCheckout" name="test_empty_order_rejected" time="0.045" /><testcase classname="backend.tests.test_cardost_api.TestGuestCheckout" name="test_invalid_product_rejected" time="0.045" /><testcase classname="backend.tests.test_cardost_api.TestUserCheckout" name="test_logged_in_order_linked_to_user" time="0.871"><failure message="assert 400 == 200&#10; +  where 400 = &lt;Response [400]&gt;.status_code">backend/tests/test_cardost_api.py:238: in test_logged_in_order_linked_to_user
    assert r2.status_code == 200
E   assert 400 == 200
E    +  where 400 = &lt;Response [400]&gt;.status_code</failure></testcase><testcase classname="backend.tests.test_cardost_api.TestUserCheckout" name="test_my_orders_requires_auth" time="0.044" /><testcase classname="backend.tests.test_cardost_api.TestAdminAuth" name="test_admin_routes_require_auth" time="0.091" /><testcase classname="backend.tests.test_cardost_api.TestAdminAuth" name="test_admin_routes_forbidden_for_user" time="0.090" /><testcase classname="backend.tests.test_cardost_api.TestAdminCRUD" name="test_admin_stats" time="0.317" /><testcase classname="backend.tests.test_cardost_api.TestAdminCRUD" name="test_admin_orders_list" time="0.063" /><testcase classname="backend.tests.test_cardost_api.TestAdminCRUD" name="test_create_update_delete_product" time="0.288" /><testcase classname="backend.tests.test_cardost_api.TestContact" name="test_contact_submit" time="0.047" /><testcase classname="backend.tests.test_cardost_api.TestContact" name="test_contact_invalid_email" time="0.047" /><testcase classname="backend.tests.test_cardost_bugfixes.TestReviewCountField" name="test_products_list_includes_review_count" time="0.157" /><testcase classname="backend.tests.test_cardost_bugfixes.TestReviewCountField" name="test_product_with_one_review_reports_correct_counts" time="0.257" /><testcase classname="backend.tests.test_cardost_bugfixes.TestReviewCountField" name="test_majority_of_products_have_zero_reviews" time="0.120" /><testcase classname="backend.tests.test_cardost_bugfixes.TestReviewSubmissionUpdatesCounters" name="test_post_review_updates_rating_and_count" time="1.160" /><testcase classname="backend.tests.test_cardost_bugfixes.TestVehicleTaggingFilterBridge" name="test_filter_by_car_brand_hyundai_returns_product" time="0.693" /><testcase classname="backend.tests.test_cardost_bugfixes.TestVehicleTaggingFilterBridge" name="test_filter_by_car_model_creta_returns_product" time="0.152" /><testcase classname="backend.tests.test_cardost_bugfixes.TestVehicleTaggingFilterBridge" name="test_filter_by_year_2018_returns_product" time="0.117" /><testcase classname="backend.tests.test_cardost_bugfixes.TestVehicleTaggingFilterBridge" name="test_filter_by_year_2030_excludes_product" time="0.126" /><testcase classname="backend.tests.test_cardost_bugfixes.TestVehicleTaggingFilterBridge" name="test_combined_brand_model_year_filter" time="0.104" /><testcase classname="backend.tests.test_cardost_bugfixes.TestVehicleTaggingFilterBridge" name="test_universal_product_still_surfaces" time="0.738" /><testcase classname="backend.tests.test_cardost_bugfixes.TestAdminUploadEndpoint" name="test_upload_small_png_returns_url" time="0.304" /><testcase classname="backend.tests.test_cardost_universal.TestCarBrandsAll" name="test_all_is_first_and_universal" time="0.114" /><testcase classname="backend.tests.test_cardost_universal.TestProductFilterUniversal" name="test_filter_no_args_returns_published" time="0.056" /><testcase classname="backend.tests.test_cardost_universal.TestProductFilterUniversal" name="test_filter_by_brand_includes_universal" time="0.385" /><testcase classname="backend.tests.test_cardost_universal.TestProductFilterUniversal" name="test_filter_by_year_includes_universal" time="0.051" /><testcase classname="backend.tests.test_cardost_universal.TestProductFilterUniversal" name="test_filter_by_model_includes_universal" time="0.057" /><testcase classname="backend.tests.test_cardost_universal.TestProductFilterUniversal" name="test_filter_route_does_not_collide_with_pid" time="0.054" /><testcase classname="backend.tests.test_cardost_universal.TestProductSEO" name="test_seo_fields_persist" time="0.050" /><testcase classname="backend.tests.test_cardost_universal.TestBanners" name="test_public_list_banners" time="0.052" /><testcase classname="backend.tests.test_cardost_universal.TestBanners" name="test_admin_list_banners" time="0.097" /><testcase classname="backend.tests.test_cardost_universal.TestBanners" name="test_admin_banners_requires_auth" time="0.050" /><testcase classname="backend.tests.test_cardost_universal.TestBanners" name="test_create_update_delete_banner" time="0.218" /><testcase classname="backend.tests.test_cardost_universal.TestTaxRules" name="test_public_list_tax_rules" time="0.054" /><testcase classname="backend.tests.test_cardost_universal.TestTaxRules" name="test_admin_create_update_delete_tax_rule" time="0.211" /><testcase classname="backend.tests.test_cardost_universal.TestReviewsModeration" name="test_admin_reviews_requires_auth" time="0.056" /><testcase classname="backend.tests.test_cardost_universal.TestReviewsModeration" name="test_admin_list_reviews" time="0.055" /><testcase classname="backend.tests.test_cardost_universal.TestReviewsModeration" name="test_review_toggle_and_delete" time="0.276" /><testcase classname="backend.tests.test_cardost_vehicles.TestCatalogRead" name="test_makes_returns_9_sorted" time="0.125" /><testcase classname="backend.tests.test_cardost_vehicles.TestCatalogRead" name="test_tree_has_55_variants" time="0.097" /><testcase classname="backend.tests.test_cardost_vehicles.TestCatalogRead" name="test_tree_creta_1st_gen" time="0.000" /><testcase classname="backend.tests.test_cardost_vehicles.TestCatalogRead" name="test_models_filtered_by_make" time="0.106" /><testcase classname="backend.tests.test_cardost_vehicles.TestCatalogRead" name="test_variants_filtered_by_model" time="0.111" /><testcase classname="backend.tests.test_cardost_vehicles.TestCatalogRead" name="test_variant_label" time="0.098" /><testcase classname="backend.tests.test_cardost_vehicles.TestAdminCatalogCRUD" name="test_make_model_variant_create_update_delete_cascade" time="1.081" /><testcase classname="backend.tests.test_cardost_vehicles.TestAdminCatalogCRUD" name="test_unauthorized_make_create" time="0.101" /><testcase classname="backend.tests.test_cardost_vehicles.TestProductCompatibility" name="test_create_product_persists_compatible_variants" time="0.305" /><testcase classname="backend.tests.test_cardost_vehicles.TestProductCompatibility" name="test_filter_by_variant_id" time="0.505" /><testcase classname="backend.tests.test_cardost_vehicles.TestProductCompatibility" name="test_filter_by_other_variant_excludes_compat" time="0.612" /><testcase classname="backend.tests.test_cardost_vehicles.TestProductCompatibility" name="test_filter_by_model_id" time="0.534" /><testcase classname="backend.tests.test_cardost_vehicles.TestProductCompatibility" name="test_filter_by_other_model_excludes_compat" time="0.301" /><testcase classname="backend.tests.test_cardost_vehicles.TestProductCompatibility" name="test_filter_by_make_id" time="0.571" /><testcase classname="backend.tests.test_cardost_vehicles.TestProductCompatibility" name="test_filter_by_other_make_excludes_compat" time="0.344" /><testcase classname="backend.tests.test_cardost_vehicles.TestProductCompatibility" name="test_legacy_filter_still_works" time="0.543" /><testcase classname="backend.tests.test_cardost_vehicles.TestOrderVehiclePersistence" name="test_order_preserves_vehicle_fields" time="1.272" /><testcase classname="backend.tests.test_cardost_vehicles.TestOrderVehiclePersistence" name="test_order_without_vehicle_fields_still_works" time="1.228" /></testsuite></testsuites>