<?xml version="1.0" encoding="utf-8"?><testsuites name="pytest tests"><testsuite name="pytest" errors="0" failures="0" skipped="2" tests="121" time="77.554" timestamp="2026-06-27T13:30:02.030329+00:00" hostname="agent-env-6bd6865f-e962-4b9b-a323-4c620b90bc98"><testcase classname="backend.tests.test_cardost_api.TestProducts" name="test_list_all" time="0.233" /><testcase classname="backend.tests.test_cardost_api.TestProducts" name="test_list_featured" time="0.046" /><testcase classname="backend.tests.test_cardost_api.TestProducts" name="test_list_by_category" time="0.042" /><testcase classname="backend.tests.test_cardost_api.TestProducts" name="test_search_q" time="0.041" /><testcase classname="backend.tests.test_cardost_api.TestProducts" name="test_get_product_by_id" time="0.087" /><testcase classname="backend.tests.test_cardost_api.TestProducts" name="test_get_product_404" time="0.081" /><testcase classname="backend.tests.test_cardost_api.TestProducts" name="test_categories" time="0.047" /><testcase classname="backend.tests.test_cardost_api.TestAuth" name="test_signup_duplicate" time="0.316" /><testcase classname="backend.tests.test_cardost_api.TestAuth" name="test_login_invalid" time="0.304" /><testcase classname="backend.tests.test_cardost_api.TestAuth" name="test_login_success" time="0.274" /><testcase classname="backend.tests.test_cardost_api.TestAuth" name="test_me_authenticated" time="0.049" /><testcase classname="backend.tests.test_cardost_api.TestAuth" name="test_me_unauthenticated" time="0.080" /><testcase classname="backend.tests.test_cardost_api.TestGuestCheckout" name="test_guest_create_and_verify_order" time="1.004"><skipped type="pytest.skip" message="Razorpay is in LIVE mode on this env — checkout flow needs a real signature to verify. Toggle Admin → Integrations → Razorpay → MOCK_MODE for QA.">/app/backend/tests/test_cardost_api.py:205: Razorpay is in LIVE mode on this env — checkout flow needs a real signature to verify. Toggle Admin → Integrations → Razorpay → MOCK_MODE for QA.</skipped></testcase><testcase classname="backend.tests.test_cardost_api.TestGuestCheckout" name="test_empty_order_rejected" time="0.044" /><testcase classname="backend.tests.test_cardost_api.TestGuestCheckout" name="test_invalid_product_rejected" time="0.043" /><testcase classname="backend.tests.test_cardost_api.TestUserCheckout" name="test_logged_in_order_linked_to_user" time="0.885"><skipped type="pytest.skip" message="Razorpay is in LIVE mode on this env — checkout flow needs a real signature to verify. Toggle Admin → Integrations → Razorpay → MOCK_MODE for QA.">/app/backend/tests/test_cardost_api.py:288: Razorpay is in LIVE mode on this env — checkout flow needs a real signature to verify. Toggle Admin → Integrations → Razorpay → MOCK_MODE for QA.</skipped></testcase><testcase classname="backend.tests.test_cardost_api.TestUserCheckout" name="test_my_orders_requires_auth" time="0.043" /><testcase classname="backend.tests.test_cardost_api.TestAdminAuth" name="test_admin_routes_require_auth" time="0.088" /><testcase classname="backend.tests.test_cardost_api.TestAdminAuth" name="test_admin_routes_forbidden_for_user" time="0.087" /><testcase classname="backend.tests.test_cardost_api.TestAdminCRUD" name="test_admin_stats" time="0.310" /><testcase classname="backend.tests.test_cardost_api.TestAdminCRUD" name="test_admin_orders_list" time="0.057" /><testcase classname="backend.tests.test_cardost_api.TestAdminCRUD" name="test_create_update_delete_product" time="0.371" /><testcase classname="backend.tests.test_cardost_api.TestContact" name="test_contact_submit" time="0.052" /><testcase classname="backend.tests.test_cardost_api.TestContact" name="test_contact_invalid_email" time="0.046" /><testcase classname="backend.tests.test_cardost_bugfixes.TestReviewCountField" name="test_products_list_includes_review_count" time="0.104" /><testcase classname="backend.tests.test_cardost_bugfixes.TestReviewCountField" name="test_product_with_one_review_reports_correct_counts" time="0.237" /><testcase classname="backend.tests.test_cardost_bugfixes.TestReviewCountField" name="test_majority_of_products_have_zero_reviews" time="0.093" /><testcase classname="backend.tests.test_cardost_bugfixes.TestReviewSubmissionUpdatesCounters" name="test_post_review_updates_rating_and_count" time="1.107" /><testcase classname="backend.tests.test_cardost_bugfixes.TestVehicleTaggingFilterBridge" name="test_filter_by_car_brand_hyundai_returns_product" time="0.686" /><testcase classname="backend.tests.test_cardost_bugfixes.TestVehicleTaggingFilterBridge" name="test_filter_by_car_model_creta_returns_product" time="0.100" /><testcase classname="backend.tests.test_cardost_bugfixes.TestVehicleTaggingFilterBridge" name="test_filter_by_year_2018_returns_product" time="0.092" /><testcase classname="backend.tests.test_cardost_bugfixes.TestVehicleTaggingFilterBridge" name="test_filter_by_year_2030_excludes_product" time="0.107" /><testcase classname="backend.tests.test_cardost_bugfixes.TestVehicleTaggingFilterBridge" name="test_combined_brand_model_year_filter" time="0.113" /><testcase classname="backend.tests.test_cardost_bugfixes.TestVehicleTaggingFilterBridge" name="test_universal_product_still_surfaces" time="0.714" /><testcase classname="backend.tests.test_cardost_bugfixes.TestAdminUploadEndpoint" name="test_upload_small_png_returns_url" time="0.329" /><testcase classname="backend.tests.test_cardost_iteration13_sitemap.TestSitemapXmlCleanliness" name="test_status_and_content_type" time="0.098" /><testcase classname="backend.tests.test_cardost_iteration13_sitemap.TestSitemapXmlCleanliness" name="test_no_xsl_processing_instruction" time="0.097" /><testcase classname="backend.tests.test_cardost_iteration13_sitemap.TestSitemapXmlCleanliness" name="test_first_two_nonblank_lines" time="0.093" /><testcase classname="backend.tests.test_cardost_iteration13_sitemap.TestSitemapXmlCleanliness" name="test_parses_and_has_urls" time="0.097" /><testcase classname="backend.tests.test_cardost_iteration13_sitemap.TestBackendDynamicSitemap" name="test_api_endpoint_clean" time="0.095" /><testcase classname="backend.tests.test_cardost_iteration13_sitemap.TestBackendDynamicSitemap" name="test_url_set_matches_disk" time="0.188" /><testcase classname="backend.tests.test_cardost_iteration13_sitemap.TestGooglebotUA" name="test_googlebot_gets_same_clean_xml" time="0.097" /><testcase classname="backend.tests.test_cardost_iteration13_sitemap.TestDynamicRegen" name="test_create_product_triggers_regen_and_delete_clears_it" time="0.822" /><testcase classname="backend.tests.test_cardost_iteration13_sitemap.TestAdminManualRegen" name="test_admin_regenerate_returns_expected_shape" time="0.134" /><testcase classname="backend.tests.test_cardost_iteration13_sitemap.TestRobotsTxt" name="test_robots_has_sitemap_and_disallows" time="0.094" /><testcase classname="backend.tests.test_cardost_iteration13_sitemap.TestRegenAuth" name="test_unauthenticated_blocked" time="0.126" /><testcase classname="backend.tests.test_cardost_iteration13_sitemap.TestRegenAuth" name="test_non_admin_blocked" time="0.738" /><testcase classname="backend.tests.test_cardost_iteration5_regression.TestAuthPaths" name="test_admin_login_returns_admin_role_and_token" time="0.316" /><testcase classname="backend.tests.test_cardost_iteration5_regression.TestAuthPaths" name="test_me_with_admin_token_returns_admin_profile" time="0.321" /><testcase classname="backend.tests.test_cardost_iteration5_regression.TestAuthPaths" name="test_me_without_token_returns_401" time="0.101" /><testcase classname="backend.tests.test_cardost_iteration5_regression.TestAuthPaths" name="test_me_with_invalid_token_returns_401" time="0.094" /><testcase classname="backend.tests.test_cardost_iteration5_regression.TestAuthPaths" name="test_me_with_malformed_token_returns_401" time="0.104" /><testcase classname="backend.tests.test_cardost_iteration5_regression.TestAdminEndpointsReachable" name="test_admin_endpoint_200[/admin/stats]" time="0.045" /><testcase classname="backend.tests.test_cardost_iteration5_regression.TestAdminEndpointsReachable" name="test_admin_endpoint_200[/admin/orders]" time="0.055" /><testcase classname="backend.tests.test_cardost_iteration5_regression.TestAdminEndpointsReachable" name="test_admin_endpoint_200[/admin/messages]" time="0.043" /><testcase classname="backend.tests.test_cardost_iteration5_regression.TestAdminEndpointsReachable" name="test_admin_endpoint_200[/admin/settings]" time="0.043" /><testcase classname="backend.tests.test_cardost_iteration5_regression.TestAdminEndpointsReachable" name="test_non_admin_user_gets_403_on_admin_stats" time="0.311" /><testcase classname="backend.tests.test_cardost_iteration5_regression.TestProductsRead" name="test_products_list_has_at_least_19" time="0.045" /><testcase classname="backend.tests.test_cardost_iteration5_regression.TestProductsRead" name="test_product_detail_404_for_garbage" time="0.044" /><testcase classname="backend.tests.test_cardost_iteration5_regression.TestProductsRead" name="test_product_detail_200_for_real_id" time="0.128" /><testcase classname="backend.tests.test_cardost_iteration5_regression.TestUploadServe" name="test_upload_jpeg_then_serve" time="0.527" /><testcase classname="backend.tests.test_cardost_iteration5_regression.TestUploadServe" name="test_upload_rejects_non_image" time="0.115" /><testcase classname="backend.tests.test_cardost_iteration5_regression.TestCSVRoundtrip" name="test_export_returns_csv_with_27_columns" time="0.104" /><testcase classname="backend.tests.test_cardost_iteration5_regression.TestCSVRoundtrip" name="test_export_then_reimport_updates_zero_creates" time="0.215" /><testcase classname="backend.tests.test_cardost_iteration5_regression.TestCSVRoundtrip" name="test_bulk_import_creates_new_product" time="0.288" /><testcase classname="backend.tests.test_cardost_iteration5_regression.TestAdminProductCRUD" name="test_full_crud_roundtrip" time="0.613" /><testcase classname="backend.tests.test_cardost_iteration5_regression.TestOrderStatusUpdate" name="test_patch_order_status_idempotent" time="0.322" /><testcase classname="backend.tests.test_cardost_iteration5_regression.TestOrderStatusUpdate" name="test_patch_order_status_rejects_invalid_status" time="0.205" /><testcase classname="backend.tests.test_cardost_iteration7_seo.TestCategorySEOFields" name="test_create_category_with_seo_fields" time="0.466" /><testcase classname="backend.tests.test_cardost_iteration7_seo.TestCategorySEOFields" name="test_public_get_returns_meta_fields" time="0.106" /><testcase classname="backend.tests.test_cardost_iteration7_seo.TestCategorySEOFields" name="test_admin_get_returns_meta_fields" time="0.113" /><testcase classname="backend.tests.test_cardost_iteration7_seo.TestCategorySEOFields" name="test_update_seo_fields" time="0.200" /><testcase classname="backend.tests.test_cardost_iteration7_seo.TestCategorySEOFields" name="test_clearing_meta_fields_persists_empty" time="0.197" /><testcase classname="backend.tests.test_cardost_iteration7_seo.TestCategorySEOFields" name="test_delete_category" time="0.211" /><testcase classname="backend.tests.test_cardost_iteration7_seo.TestCategorySEOFields" name="test_unauthenticated_cannot_create" time="0.194" /><testcase classname="backend.tests.test_cardost_smtp_migration" name="test_migration_auto_corrects_legacy_smtp_host[smtp.titan.email]" time="0.636" /><testcase classname="backend.tests.test_cardost_smtp_migration" name="test_migration_auto_corrects_legacy_smtp_host[smtp.titan.mail]" time="0.195" /><testcase classname="backend.tests.test_cardost_smtp_migration" name="test_migration_preserves_password" time="0.309" /><testcase classname="backend.tests.test_cardost_smtp_migration" name="test_empty_smtp_password_does_not_overwrite" time="0.308" /><testcase classname="backend.tests.test_cardost_smtp_migration" name="test_masked_bounce_back_does_not_overwrite" time="0.295" /><testcase classname="backend.tests.test_cardost_smtp_migration" name="test_non_secret_empty_field_is_saveable" time="0.302" /><testcase classname="backend.tests.test_cardost_smtp_migration" name="test_admin_test_email_sends_ok" time="2.294" /><testcase classname="backend.tests.test_cardost_smtp_migration" name="test_admin_auth_me" time="15.141" /><testcase classname="backend.tests.test_cardost_smtp_migration" name="test_admin_stats_200" time="11.338" /><testcase classname="backend.tests.test_cardost_smtp_migration" name="test_non_admin_stats_403" time="0.842" /><testcase classname="backend.tests.test_cardost_smtp_migration" name="test_csv_export_then_bulk_import_round_trip" time="0.227" /><testcase classname="backend.tests.test_cardost_smtp_migration" name="test_order_status_email_and_idempotency" time="0.450" /><testcase classname="backend.tests.test_cardost_universal.TestCarBrandsAll" name="test_all_is_first_and_universal" time="0.110" /><testcase classname="backend.tests.test_cardost_universal.TestProductFilterUniversal" name="test_filter_no_args_returns_published" time="0.048" /><testcase classname="backend.tests.test_cardost_universal.TestProductFilterUniversal" name="test_filter_by_brand_includes_universal" time="0.362" /><testcase classname="backend.tests.test_cardost_universal.TestProductFilterUniversal" name="test_filter_by_year_includes_universal" time="0.047" /><testcase classname="backend.tests.test_cardost_universal.TestProductFilterUniversal" name="test_filter_by_model_includes_universal" time="0.048" /><testcase classname="backend.tests.test_cardost_universal.TestProductFilterUniversal" name="test_filter_route_does_not_collide_with_pid" time="0.056" /><testcase classname="backend.tests.test_cardost_universal.TestProductSEO" name="test_seo_fields_persist" time="0.044" /><testcase classname="backend.tests.test_cardost_universal.TestBanners" name="test_public_list_banners" time="0.044" /><testcase classname="backend.tests.test_cardost_universal.TestBanners" name="test_admin_list_banners" time="0.043" /><testcase classname="backend.tests.test_cardost_universal.TestBanners" name="test_admin_banners_requires_auth" time="0.052" /><testcase classname="backend.tests.test_cardost_universal.TestBanners" name="test_create_update_delete_banner" time="0.189" /><testcase classname="backend.tests.test_cardost_universal.TestTaxRules" name="test_public_list_tax_rules" time="0.045" /><testcase classname="backend.tests.test_cardost_universal.TestTaxRules" name="test_admin_create_update_delete_tax_rule" time="0.191" /><testcase classname="backend.tests.test_cardost_universal.TestReviewsModeration" name="test_admin_reviews_requires_auth" time="0.043" /><testcase classname="backend.tests.test_cardost_universal.TestReviewsModeration" name="test_admin_list_reviews" time="0.049" /><testcase classname="backend.tests.test_cardost_universal.TestReviewsModeration" name="test_review_toggle_and_delete" time="0.225" /><testcase classname="backend.tests.test_cardost_vehicles.TestCatalogRead" name="test_makes_returns_9_sorted" time="0.103" /><testcase classname="backend.tests.test_cardost_vehicles.TestCatalogRead" name="test_tree_has_55_variants" time="0.103" /><testcase classname="backend.tests.test_cardost_vehicles.TestCatalogRead" name="test_tree_creta_1st_gen" time="0.000" /><testcase classname="backend.tests.test_cardost_vehicles.TestCatalogRead" name="test_models_filtered_by_make" time="0.095" /><testcase classname="backend.tests.test_cardost_vehicles.TestCatalogRead" name="test_variants_filtered_by_model" time="0.106" /><testcase classname="backend.tests.test_cardost_vehicles.TestCatalogRead" name="test_variant_label" time="0.103" /><testcase classname="backend.tests.test_cardost_vehicles.TestAdminCatalogCRUD" name="test_make_model_variant_create_update_delete_cascade" time="1.099" /><testcase classname="backend.tests.test_cardost_vehicles.TestAdminCatalogCRUD" name="test_unauthorized_make_create" time="0.098" /><testcase classname="backend.tests.test_cardost_vehicles.TestProductCompatibility" name="test_create_product_persists_compatible_variants" time="0.332" /><testcase classname="backend.tests.test_cardost_vehicles.TestProductCompatibility" name="test_filter_by_variant_id" time="0.532" /><testcase classname="backend.tests.test_cardost_vehicles.TestProductCompatibility" name="test_filter_by_other_variant_excludes_compat" time="0.499" /><testcase classname="backend.tests.test_cardost_vehicles.TestProductCompatibility" name="test_filter_by_model_id" time="0.499" /><testcase classname="backend.tests.test_cardost_vehicles.TestProductCompatibility" name="test_filter_by_other_model_excludes_compat" time="0.299" /><testcase classname="backend.tests.test_cardost_vehicles.TestProductCompatibility" name="test_filter_by_make_id" time="13.260" /><testcase classname="backend.tests.test_cardost_vehicles.TestProductCompatibility" name="test_filter_by_other_make_excludes_compat" time="1.389" /><testcase classname="backend.tests.test_cardost_vehicles.TestProductCompatibility" name="test_legacy_filter_still_works" time="0.521" /><testcase classname="backend.tests.test_cardost_vehicles.TestOrderVehiclePersistence" name="test_order_preserves_vehicle_fields" time="6.454" /><testcase classname="backend.tests.test_cardost_vehicles.TestOrderVehiclePersistence" name="test_order_without_vehicle_fields_still_works" time="1.344" /></testsuite></testsuites>