<?xml version="1.0" encoding="utf-8"?><testsuites name="pytest tests"><testsuite name="pytest" errors="0" failures="0" skipped="0" tests="12" time="9.156" timestamp="2026-06-23T23:18:53.901585+00:00" hostname="agent-env-6bd6865f-e962-4b9b-a323-4c620b90bc98"><testcase classname="backend.tests.test_cardost_smtp_migration" name="test_migration_auto_corrects_legacy_smtp_host[smtp.titan.email]" time="0.718" /><testcase classname="backend.tests.test_cardost_smtp_migration" name="test_migration_auto_corrects_legacy_smtp_host[smtp.titan.mail]" time="0.243" /><testcase classname="backend.tests.test_cardost_smtp_migration" name="test_migration_preserves_password" time="0.335" /><testcase classname="backend.tests.test_cardost_smtp_migration" name="test_empty_smtp_password_does_not_overwrite" time="0.307" /><testcase classname="backend.tests.test_cardost_smtp_migration" name="test_masked_bounce_back_does_not_overwrite" time="0.380" /><testcase classname="backend.tests.test_cardost_smtp_migration" name="test_non_secret_empty_field_is_saveable" time="0.300" /><testcase classname="backend.tests.test_cardost_smtp_migration" name="test_admin_test_email_sends_ok" time="4.907" /><testcase classname="backend.tests.test_cardost_smtp_migration" name="test_admin_auth_me" time="0.200" /><testcase classname="backend.tests.test_cardost_smtp_migration" name="test_admin_stats_200" time="0.134" /><testcase classname="backend.tests.test_cardost_smtp_migration" name="test_non_admin_stats_403" time="0.783" /><testcase classname="backend.tests.test_cardost_smtp_migration" name="test_csv_export_then_bulk_import_round_trip" time="0.314" /><testcase classname="backend.tests.test_cardost_smtp_migration" name="test_order_status_email_and_idempotency" time="0.430" /></testsuite></testsuites>