<?xml version="1.0" encoding="utf-8"?><testsuites name="pytest tests"><testsuite name="pytest" errors="0" failures="0" skipped="0" tests="21" time="6.456" timestamp="2026-06-23T22:51:29.460617+00:00" hostname="agent-env-6bd6865f-e962-4b9b-a323-4c620b90bc98"><testcase classname="backend.tests.test_cardost_iteration5_regression.TestAuthPaths" name="test_admin_login_returns_admin_role_and_token" time="0.372" /><testcase classname="backend.tests.test_cardost_iteration5_regression.TestAuthPaths" name="test_me_with_admin_token_returns_admin_profile" time="0.321" /><testcase classname="backend.tests.test_cardost_iteration5_regression.TestAuthPaths" name="test_me_without_token_returns_401" time="0.100" /><testcase classname="backend.tests.test_cardost_iteration5_regression.TestAuthPaths" name="test_me_with_invalid_token_returns_401" time="0.109" /><testcase classname="backend.tests.test_cardost_iteration5_regression.TestAuthPaths" name="test_me_with_malformed_token_returns_401" time="0.107" /><testcase classname="backend.tests.test_cardost_iteration5_regression.TestAdminEndpointsReachable" name="test_admin_endpoint_200[/admin/stats]" time="0.077" /><testcase classname="backend.tests.test_cardost_iteration5_regression.TestAdminEndpointsReachable" name="test_admin_endpoint_200[/admin/orders]" time="0.054" /><testcase classname="backend.tests.test_cardost_iteration5_regression.TestAdminEndpointsReachable" name="test_admin_endpoint_200[/admin/messages]" time="0.049" /><testcase classname="backend.tests.test_cardost_iteration5_regression.TestAdminEndpointsReachable" name="test_admin_endpoint_200[/admin/settings]" time="0.049" /><testcase classname="backend.tests.test_cardost_iteration5_regression.TestAdminEndpointsReachable" name="test_non_admin_user_gets_403_on_admin_stats" time="0.325" /><testcase classname="backend.tests.test_cardost_iteration5_regression.TestProductsRead" name="test_products_list_has_at_least_19" time="0.053" /><testcase classname="backend.tests.test_cardost_iteration5_regression.TestProductsRead" name="test_product_detail_404_for_garbage" time="0.050" /><testcase classname="backend.tests.test_cardost_iteration5_regression.TestProductsRead" name="test_product_detail_200_for_real_id" time="0.097" /><testcase classname="backend.tests.test_cardost_iteration5_regression.TestUploadServe" name="test_upload_jpeg_then_serve" time="0.565" /><testcase classname="backend.tests.test_cardost_iteration5_regression.TestUploadServe" name="test_upload_rejects_non_image" time="0.097" /><testcase classname="backend.tests.test_cardost_iteration5_regression.TestCSVRoundtrip" name="test_export_returns_csv_with_27_columns" time="0.104" /><testcase classname="backend.tests.test_cardost_iteration5_regression.TestCSVRoundtrip" name="test_export_then_reimport_updates_zero_creates" time="2.325" /><testcase classname="backend.tests.test_cardost_iteration5_regression.TestCSVRoundtrip" name="test_bulk_import_creates_new_product" time="0.368" /><testcase classname="backend.tests.test_cardost_iteration5_regression.TestAdminProductCRUD" name="test_full_crud_roundtrip" time="0.618" /><testcase classname="backend.tests.test_cardost_iteration5_regression.TestOrderStatusUpdate" name="test_patch_order_status_idempotent" time="0.302" /><testcase classname="backend.tests.test_cardost_iteration5_regression.TestOrderStatusUpdate" name="test_patch_order_status_rejects_invalid_status" time="0.210" /></testsuite></testsuites>