<?xml version="1.0" encoding="utf-8"?><testsuites name="pytest tests"><testsuite name="pytest" errors="0" failures="0" skipped="0" tests="16" time="2.396" timestamp="2026-06-21T08:14:32.914497+00:00" hostname="agent-env-6bd6865f-e962-4b9b-a323-4c620b90bc98"><testcase classname="backend.tests.test_cardost_universal.TestCarBrandsAll" name="test_all_is_first_and_universal" time="0.285" /><testcase classname="backend.tests.test_cardost_universal.TestProductFilterUniversal" name="test_filter_no_args_returns_published" time="0.045" /><testcase classname="backend.tests.test_cardost_universal.TestProductFilterUniversal" name="test_filter_by_brand_includes_universal" time="0.446" /><testcase classname="backend.tests.test_cardost_universal.TestProductFilterUniversal" name="test_filter_by_year_includes_universal" time="0.042" /><testcase classname="backend.tests.test_cardost_universal.TestProductFilterUniversal" name="test_filter_by_model_includes_universal" time="0.080" /><testcase classname="backend.tests.test_cardost_universal.TestProductFilterUniversal" name="test_filter_route_does_not_collide_with_pid" time="0.043" /><testcase classname="backend.tests.test_cardost_universal.TestProductSEO" name="test_seo_fields_persist" time="0.043" /><testcase classname="backend.tests.test_cardost_universal.TestBanners" name="test_public_list_banners" time="0.082" /><testcase classname="backend.tests.test_cardost_universal.TestBanners" name="test_admin_list_banners" time="0.044" /><testcase classname="backend.tests.test_cardost_universal.TestBanners" name="test_admin_banners_requires_auth" time="0.041" /><testcase classname="backend.tests.test_cardost_universal.TestBanners" name="test_create_update_delete_banner" time="0.290" /><testcase classname="backend.tests.test_cardost_universal.TestTaxRules" name="test_public_list_tax_rules" time="0.042" /><testcase classname="backend.tests.test_cardost_universal.TestTaxRules" name="test_admin_create_update_delete_tax_rule" time="0.324" /><testcase classname="backend.tests.test_cardost_universal.TestReviewsModeration" name="test_admin_reviews_requires_auth" time="0.079" /><testcase classname="backend.tests.test_cardost_universal.TestReviewsModeration" name="test_admin_list_reviews" time="0.085" /><testcase classname="backend.tests.test_cardost_universal.TestReviewsModeration" name="test_review_toggle_and_delete" time="0.336" /></testsuite></testsuites>