<?xml version="1.0" encoding="utf-8"?><testsuites name="pytest tests"><testsuite name="pytest" errors="0" failures="0" skipped="0" tests="18" time="7.687" timestamp="2026-06-21T09:08:23.151846+00:00" hostname="agent-env-6bd6865f-e962-4b9b-a323-4c620b90bc98"><testcase classname="backend.tests.test_cardost_vehicles.TestCatalogRead" name="test_makes_returns_9_sorted" time="0.274" /><testcase classname="backend.tests.test_cardost_vehicles.TestCatalogRead" name="test_tree_has_55_variants" time="0.105" /><testcase classname="backend.tests.test_cardost_vehicles.TestCatalogRead" name="test_tree_creta_1st_gen" time="0.000" /><testcase classname="backend.tests.test_cardost_vehicles.TestCatalogRead" name="test_models_filtered_by_make" time="0.097" /><testcase classname="backend.tests.test_cardost_vehicles.TestCatalogRead" name="test_variants_filtered_by_model" time="0.096" /><testcase classname="backend.tests.test_cardost_vehicles.TestCatalogRead" name="test_variant_label" time="0.095" /><testcase classname="backend.tests.test_cardost_vehicles.TestAdminCatalogCRUD" name="test_make_model_variant_create_update_delete_cascade" time="0.981" /><testcase classname="backend.tests.test_cardost_vehicles.TestAdminCatalogCRUD" name="test_unauthorized_make_create" time="0.093" /><testcase classname="backend.tests.test_cardost_vehicles.TestProductCompatibility" name="test_create_product_persists_compatible_variants" time="0.334" /><testcase classname="backend.tests.test_cardost_vehicles.TestProductCompatibility" name="test_filter_by_variant_id" time="0.483" /><testcase classname="backend.tests.test_cardost_vehicles.TestProductCompatibility" name="test_filter_by_other_variant_excludes_compat" time="0.482" /><testcase classname="backend.tests.test_cardost_vehicles.TestProductCompatibility" name="test_filter_by_model_id" time="0.485" /><testcase classname="backend.tests.test_cardost_vehicles.TestProductCompatibility" name="test_filter_by_other_model_excludes_compat" time="0.326" /><testcase classname="backend.tests.test_cardost_vehicles.TestProductCompatibility" name="test_filter_by_make_id" time="0.517" /><testcase classname="backend.tests.test_cardost_vehicles.TestProductCompatibility" name="test_filter_by_other_make_excludes_compat" time="0.326" /><testcase classname="backend.tests.test_cardost_vehicles.TestProductCompatibility" name="test_legacy_filter_still_works" time="0.512" /><testcase classname="backend.tests.test_cardost_vehicles.TestOrderVehiclePersistence" name="test_order_preserves_vehicle_fields" time="1.173" /><testcase classname="backend.tests.test_cardost_vehicles.TestOrderVehiclePersistence" name="test_order_without_vehicle_fields_still_works" time="1.215" /></testsuite></testsuites>