<?xml version="1.0" encoding="utf-8"?><testsuites name="pytest tests"><testsuite name="pytest" errors="0" failures="0" skipped="0" tests="7" time="1.994" timestamp="2026-06-26T16:23:58.860520+00:00" hostname="agent-env-6bd6865f-e962-4b9b-a323-4c620b90bc98"><testcase classname="backend.tests.test_cardost_iteration7_seo.TestCategorySEOFields" name="test_create_category_with_seo_fields" time="0.667" /><testcase classname="backend.tests.test_cardost_iteration7_seo.TestCategorySEOFields" name="test_public_get_returns_meta_fields" time="0.098" /><testcase classname="backend.tests.test_cardost_iteration7_seo.TestCategorySEOFields" name="test_admin_get_returns_meta_fields" time="0.142" /><testcase classname="backend.tests.test_cardost_iteration7_seo.TestCategorySEOFields" name="test_update_seo_fields" time="0.238" /><testcase classname="backend.tests.test_cardost_iteration7_seo.TestCategorySEOFields" name="test_clearing_meta_fields_persists_empty" time="0.197" /><testcase classname="backend.tests.test_cardost_iteration7_seo.TestCategorySEOFields" name="test_delete_category" time="0.314" /><testcase classname="backend.tests.test_cardost_iteration7_seo.TestCategorySEOFields" name="test_unauthenticated_cannot_create" time="0.272" /></testsuite></testsuites>