<?xml version="1.0" encoding="utf-8"?><testsuites name="pytest tests"><testsuite name="pytest" errors="0" failures="0" skipped="0" tests="24" time="3.061" timestamp="2026-06-19T20:03:25.333189+00:00" hostname="agent-env-6bd6865f-e962-4b9b-a323-4c620b90bc98"><testcase classname="tests.test_cardost_api.TestProducts" name="test_list_all" time="0.169" /><testcase classname="tests.test_cardost_api.TestProducts" name="test_list_featured" time="0.047" /><testcase classname="tests.test_cardost_api.TestProducts" name="test_list_by_category" time="0.045" /><testcase classname="tests.test_cardost_api.TestProducts" name="test_search_q" time="0.053" /><testcase classname="tests.test_cardost_api.TestProducts" name="test_get_product_by_id" time="0.102" /><testcase classname="tests.test_cardost_api.TestProducts" name="test_get_product_404" time="0.048" /><testcase classname="tests.test_cardost_api.TestProducts" name="test_categories" time="0.054" /><testcase classname="tests.test_cardost_api.TestAuth" name="test_signup_duplicate" time="0.341" /><testcase classname="tests.test_cardost_api.TestAuth" name="test_login_invalid" time="0.303" /><testcase classname="tests.test_cardost_api.TestAuth" name="test_login_success" time="0.287" /><testcase classname="tests.test_cardost_api.TestAuth" name="test_me_authenticated" time="0.049" /><testcase classname="tests.test_cardost_api.TestAuth" name="test_me_unauthenticated" time="0.044" /><testcase classname="tests.test_cardost_api.TestGuestCheckout" name="test_guest_create_and_verify_order" time="0.184" /><testcase classname="tests.test_cardost_api.TestGuestCheckout" name="test_empty_order_rejected" time="0.045" /><testcase classname="tests.test_cardost_api.TestGuestCheckout" name="test_invalid_product_rejected" time="0.049" /><testcase classname="tests.test_cardost_api.TestUserCheckout" name="test_logged_in_order_linked_to_user" time="0.150" /><testcase classname="tests.test_cardost_api.TestUserCheckout" name="test_my_orders_requires_auth" time="0.052" /><testcase classname="tests.test_cardost_api.TestAdminAuth" name="test_admin_routes_require_auth" time="0.094" /><testcase classname="tests.test_cardost_api.TestAdminAuth" name="test_admin_routes_forbidden_for_user" time="0.095" /><testcase classname="tests.test_cardost_api.TestAdminCRUD" name="test_admin_stats" time="0.319" /><testcase classname="tests.test_cardost_api.TestAdminCRUD" name="test_admin_orders_list" time="0.053" /><testcase classname="tests.test_cardost_api.TestAdminCRUD" name="test_create_update_delete_product" time="0.281" /><testcase classname="tests.test_cardost_api.TestContact" name="test_contact_submit" time="0.045" /><testcase classname="tests.test_cardost_api.TestContact" name="test_contact_invalid_email" time="0.044" /></testsuite></testsuites>